<?xml version="1.0" encoding="UTF-8"?>
<testsuite name="com.example.FinalPJ.FinalPjApplicationTests" tests="1" skipped="0" failures="0" errors="0" timestamp="2024-11-29T11:38:56" hostname="jonaeling-ui-noteubug.local" time="0.366">
  <properties/>
  <testcase name="contextLoads()" classname="com.example.FinalPJ.FinalPjApplicationTests" time="0.366"/>
  <system-out><![CDATA[20:38:55.179 [Test worker] INFO org.springframework.test.context.support.AnnotationConfigContextLoaderUtils -- Could not detect default configuration classes for test class [com.example.FinalPJ.FinalPjApplicationTests]: FinalPjApplicationTests does not declare any static, non-private, non-final, nested classes annotated with @Configuration.
20:38:55.221 [Test worker] INFO org.springframework.boot.test.context.SpringBootTestContextBootstrapper -- Found @SpringBootConfiguration com.example.FinalPJ.FinalPjApplication for test class com.example.FinalPJ.FinalPjApplicationTests

  .   ____          _            __ _ _
 /\\ / ___'_ __ _ _(_)_ __  __ _ \ \ \ \
( ( )\___ | '_ | '_| | '_ \/ _` | \ \ \ \
 \\/  ___)| |_)| | | | | || (_| |  ) ) ) )
  '  |____| .__|_| |_|_| |_\__, | / / / /
 =========|_|==============|___/=/_/_/_/

 :: Spring Boot ::                (v3.3.5)

2024-11-29T20:38:55.371+09:00  INFO 96709 --- [    Test worker] c.e.FinalPJ.FinalPjApplicationTests      : Starting FinalPjApplicationTests using Java 23.0.1 with PID 96709 (started by haerin in /Users/haerin/SKN03-FINAL-6Team/TailorLink_Back)
2024-11-29T20:38:55.372+09:00  INFO 96709 --- [    Test worker] c.e.FinalPJ.FinalPjApplicationTests      : No active profile set, falling back to 1 default profile: "default"
2024-11-29T20:38:55.603+09:00  INFO 96709 --- [    Test worker] .s.d.r.c.RepositoryConfigurationDelegate : Bootstrapping Spring Data JPA repositories in DEFAULT mode.
2024-11-29T20:38:55.624+09:00  INFO 96709 --- [    Test worker] .s.d.r.c.RepositoryConfigurationDelegate : Finished Spring Data repository scanning in 18 ms. Found 1 JPA repository interface.
2024-11-29T20:38:55.788+09:00  INFO 96709 --- [    Test worker] com.zaxxer.hikari.HikariDataSource       : HikariPool-1 - Starting...
2024-11-29T20:38:56.005+09:00  INFO 96709 --- [    Test worker] com.zaxxer.hikari.pool.HikariPool        : HikariPool-1 - Added connection com.mysql.cj.jdbc.ConnectionImpl@686cf8ad
2024-11-29T20:38:56.010+09:00  INFO 96709 --- [    Test worker] com.zaxxer.hikari.HikariDataSource       : HikariPool-1 - Start completed.
2024-11-29T20:38:56.037+09:00  INFO 96709 --- [    Test worker] o.hibernate.jpa.internal.util.LogHelper  : HHH000204: Processing PersistenceUnitInfo [name: default]
2024-11-29T20:38:56.055+09:00  INFO 96709 --- [    Test worker] org.hibernate.Version                    : HHH000412: Hibernate ORM core version 6.5.3.Final
2024-11-29T20:38:56.066+09:00  INFO 96709 --- [    Test worker] o.h.c.internal.RegionFactoryInitiator    : HHH000026: Second-level cache disabled
2024-11-29T20:38:56.176+09:00  INFO 96709 --- [    Test worker] o.s.o.j.p.SpringPersistenceUnitInfo      : No LoadTimeWeaver setup: ignoring JPA class transformer
2024-11-29T20:38:56.539+09:00  INFO 96709 --- [    Test worker] o.h.e.t.j.p.i.JtaPlatformInitiator       : HHH000489: No JTA platform available (set 'hibernate.transaction.jta.platform' to enable JTA platform integration)
2024-11-29T20:38:56.540+09:00  INFO 96709 --- [    Test worker] j.LocalContainerEntityManagerFactoryBean : Initialized JPA EntityManagerFactory for persistence unit 'default'
2024-11-29T20:38:56.687+09:00  WARN 96709 --- [    Test worker] JpaBaseConfiguration$JpaWebConfiguration : spring.jpa.open-in-view is enabled by default. Therefore, database queries may be performed during view rendering. Explicitly configure spring.jpa.open-in-view to disable this warning
2024-11-29T20:38:56.835+09:00  INFO 96709 --- [    Test worker] c.e.FinalPJ.FinalPjApplicationTests      : Started FinalPjApplicationTests in 1.559 seconds (process running for 2.039)
]]></system-out>
  <system-err><![CDATA[WARNING: A Java agent has been loaded dynamically (/Users/haerin/.gradle/caches/modules-2/files-2.1/net.bytebuddy/byte-buddy-agent/1.14.19/154da3a65b4f4a909d3e5bdec55d1b2b4cbb6ce1/byte-buddy-agent-1.14.19.jar)
WARNING: If a serviceability tool is in use, please run with -XX:+EnableDynamicAgentLoading to hide this warning
WARNING: If a serviceability tool is not in use, please run with -Djdk.instrument.traceUsage for more information
WARNING: Dynamic loading of agents will be disallowed by default in a future release
]]></system-err>
</testsuite>
